[github.com/yaoyaochil/dnf_client_gateway]2024/04/24 - 00:12:24.024	[31merror[0m	/Users/tim/Documents/Dev/Golang/dnf/gateway/utils/bcrypt.go:38	Failed to load private key: %v	{"error": "x509: failed to parse private key (use ParsePKCS8PrivateKey instead for this key format)"}
[github.com/yaoyaochil/dnf_client_gateway]2024/04/24 - 00:12:38.235	[31merror[0m	/Users/tim/Documents/Dev/Golang/dnf/gateway/utils/bcrypt.go:38	Failed to load private key: %v	{"error": "x509: failed to parse private key (use ParsePKCS8PrivateKey instead for this key format)"}
[github.com/yaoyaochil/dnf_client_gateway]2024/04/24 - 00:13:55.126	[31merror[0m	/Users/tim/Documents/Dev/Golang/dnf/gateway/core/server.go:39	accept tcp [::]:8800: use of closed network connection
[github.com/yaoyaochil/dnf_client_gateway]2024/04/24 - 00:35:15.831	[31merror[0m	/Users/tim/Documents/Dev/Golang/dnf/gateway/core/server.go:39	accept tcp [::]:8800: use of closed network connection
[github.com/yaoyaochil/dnf_client_gateway]2024/04/24 - 08:54:17.699	[31merror[0m	/Users/tim/Documents/Dev/Golang/dnf/gateway/utils/bcrypt.go:44	Failed to encrypt UID: %v	{"error": "crypto/rsa: input must be hashed message"}
[github.com/yaoyaochil/dnf_client_gateway]2024/04/24 - 08:54:59.376	[31merror[0m	/Users/tim/Documents/Dev/Golang/dnf/gateway/core/server.go:39	accept tcp [::]:8800: use of closed network connection
[github.com/yaoyaochil/dnf_client_gateway]2024/04/24 - 08:57:23.891	[31merror[0m	/Users/tim/Documents/Dev/Golang/dnf/gateway/core/server.go:39	accept tcp [::]:8800: use of closed network connection
[github.com/yaoyaochil/dnf_client_gateway]2024/04/24 - 09:09:16.572	[31merror[0m	/Users/tim/Documents/Dev/Golang/dnf/gateway/core/server.go:39	accept tcp [::]:8800: use of closed network connection
[github.com/yaoyaochil/dnf_client_gateway]2024/04/24 - 09:09:57.000	[31merror[0m	/Users/tim/Documents/Dev/Golang/dnf/gateway/core/server.go:39	accept tcp [::]:8800: use of closed network connection
[github.com/yaoyaochil/dnf_client_gateway]2024/04/24 - 09:10:40.585	[31merror[0m	/Users/tim/Documents/Dev/Golang/dnf/gateway/core/server.go:39	accept tcp [::]:8800: use of closed network connection
[github.com/yaoyaochil/dnf_client_gateway]2024/04/24 - 15:36:57.729	[31merror[0m	/Users/tim/Documents/Dev/Golang/dnf/gateway/core/server.go:39	accept tcp [::]:8800: use of closed network connection
[github.com/yaoyaochil/dnf_client_gateway]2024/04/24 - 15:37:03.552	[31merror[0m	/Users/tim/Documents/Dev/Golang/dnf/gateway/utils/bcrypt.go:44	Failed to encrypt UID: %v	{"error": "crypto/rsa: message too long for RSA key size"}
[github.com/yaoyaochil/dnf_client_gateway]2024/04/24 - 15:37:04.630	[31merror[0m	/Users/tim/Documents/Dev/Golang/dnf/gateway/utils/bcrypt.go:44	Failed to encrypt UID: %v	{"error": "crypto/rsa: message too long for RSA key size"}
[github.com/yaoyaochil/dnf_client_gateway]2024/04/24 - 17:22:46.637	[31merror[0m	/Users/tim/Documents/Dev/Golang/dnf/gateway/core/server.go:39	accept tcp [::]:8800: use of closed network connection
[github.com/yaoyaochil/dnf_client_gateway]2024/04/24 - 17:23:20.580	[31merror[0m	/Users/tim/Documents/Dev/Golang/dnf/gateway/core/server.go:39	accept tcp [::]:8800: use of closed network connection
[github.com/yaoyaochil/dnf_client_gateway]2024/04/24 - 17:23:44.881	[31merror[0m	/Users/tim/Documents/Dev/Golang/dnf/gateway/core/server.go:39	accept tcp [::]:8800: use of closed network connection
[github.com/yaoyaochil/dnf_client_gateway]2024/04/24 - 17:23:50.306	[31merror[0m	/Users/tim/Documents/Dev/Golang/dnf/gateway/utils/bcrypt.go:44	Failed to encrypt UID: %v	{"error": "crypto/rsa: decryption error"}
[github.com/yaoyaochil/dnf_client_gateway]2024/04/24 - 17:23:51.377	[31merror[0m	/Users/tim/Documents/Dev/Golang/dnf/gateway/utils/bcrypt.go:44	Failed to encrypt UID: %v	{"error": "crypto/rsa: decryption error"}
[github.com/yaoyaochil/dnf_client_gateway]2024/04/24 - 17:25:42.905	[31merror[0m	/Users/tim/Documents/Dev/Golang/dnf/gateway/core/server.go:39	accept tcp [::]:8800: use of closed network connection
[github.com/yaoyaochil/dnf_client_gateway]2024/04/24 - 17:26:37.493	[31merror[0m	/Users/tim/Documents/Dev/Golang/dnf/gateway/core/server.go:39	accept tcp [::]:8800: use of closed network connection
[github.com/yaoyaochil/dnf_client_gateway]2024/04/24 - 17:27:12.025	[31merror[0m	/Users/tim/Documents/Dev/Golang/dnf/gateway/core/server.go:39	accept tcp [::]:8800: use of closed network connection
[github.com/yaoyaochil/dnf_client_gateway]2024/04/24 - 17:27:44.924	[31merror[0m	/Users/tim/Documents/Dev/Golang/dnf/gateway/core/server.go:39	accept tcp [::]:8800: use of closed network connection
[github.com/yaoyaochil/dnf_client_gateway]2024/04/24 - 17:28:11.647	[31merror[0m	/Users/tim/Documents/Dev/Golang/dnf/gateway/core/server.go:39	accept tcp [::]:8800: use of closed network connection
[github.com/yaoyaochil/dnf_client_gateway]2024/04/24 - 17:28:56.633	[31merror[0m	/Users/tim/Documents/Dev/Golang/dnf/gateway/core/server.go:39	accept tcp [::]:8800: use of closed network connection
[github.com/yaoyaochil/dnf_client_gateway]2024/04/24 - 17:30:20.103	[31merror[0m	/Users/tim/Documents/Dev/Golang/dnf/gateway/core/server.go:39	accept tcp [::]:8800: use of closed network connection
[github.com/yaoyaochil/dnf_client_gateway]2024/04/24 - 17:30:25.893	[31merror[0m	/Users/tim/Documents/Dev/Golang/dnf/gateway/utils/bcrypt.go:47	Failed to encrypt UID: %v	{"error": "crypto/rsa: input must be hashed message"}
[github.com/yaoyaochil/dnf_client_gateway]2024/04/24 - 17:34:36.012	[31merror[0m	/Users/tim/Documents/Dev/Golang/dnf/gateway/core/server.go:39	accept tcp [::]:8800: use of closed network connection
[github.com/yaoyaochil/dnf_client_gateway]2024/04/24 - 17:35:52.397	[31merror[0m	/Users/tim/Documents/Dev/Golang/dnf/gateway/core/server.go:39	accept tcp [::]:8800: use of closed network connection
[github.com/yaoyaochil/dnf_client_gateway]2024/04/24 - 17:36:15.650	[31merror[0m	/Users/tim/Documents/Dev/Golang/dnf/gateway/utils/bcrypt.go:45	Failed to encrypt UID: %v	{"error": "crypto/rsa: decryption error"}
[github.com/yaoyaochil/dnf_client_gateway]2024/04/24 - 17:36:16.846	[31merror[0m	/Users/tim/Documents/Dev/Golang/dnf/gateway/utils/bcrypt.go:45	Failed to encrypt UID: %v	{"error": "crypto/rsa: decryption error"}
[github.com/yaoyaochil/dnf_client_gateway]2024/04/24 - 17:36:30.483	[31merror[0m	/Users/tim/Documents/Dev/Golang/dnf/gateway/core/server.go:39	accept tcp [::]:8800: use of closed network connection
[github.com/yaoyaochil/dnf_client_gateway]2024/04/24 - 17:37:06.751	[31merror[0m	/Users/tim/Documents/Dev/Golang/dnf/gateway/core/server.go:39	accept tcp [::]:8800: use of closed network connection
[github.com/yaoyaochil/dnf_client_gateway]2024/04/24 - 17:37:30.534	[31merror[0m	/Users/tim/Documents/Dev/Golang/dnf/gateway/core/server.go:39	accept tcp [::]:8800: use of closed network connection
[github.com/yaoyaochil/dnf_client_gateway]2024/04/24 - 17:37:41.338	[31merror[0m	/Users/tim/Documents/Dev/Golang/dnf/gateway/utils/bcrypt.go:34	Failed to convert UID to bytes: %v	{"error": "encoding/hex: invalid byte: U+0020 ' '"}
[github.com/yaoyaochil/dnf_client_gateway]2024/04/24 - 17:38:01.720	[31merror[0m	/Users/tim/Documents/Dev/Golang/dnf/gateway/core/server.go:39	accept tcp [::]:8800: use of closed network connection
[github.com/yaoyaochil/dnf_client_gateway]2024/04/24 - 17:38:07.883	[31merror[0m	/Users/tim/Documents/Dev/Golang/dnf/gateway/utils/bcrypt.go:47	Failed to encrypt UID: %v	{"error": "crypto/rsa: decryption error"}
[github.com/yaoyaochil/dnf_client_gateway]2024/04/24 - 17:38:44.289	[31merror[0m	/Users/tim/Documents/Dev/Golang/dnf/gateway/core/server.go:39	accept tcp [::]:8800: use of closed network connection
[github.com/yaoyaochil/dnf_client_gateway]2024/04/24 - 17:40:18.499	[31merror[0m	/Users/tim/Documents/Dev/Golang/dnf/gateway/core/server.go:39	accept tcp [::]:8800: use of closed network connection
[github.com/yaoyaochil/dnf_client_gateway]2024/04/24 - 17:40:31.833	[31merror[0m	/Users/tim/Documents/Dev/Golang/dnf/gateway/utils/bcrypt.go:46	Failed to encrypt UID: %v	{"error": "crypto/rsa: decryption error"}
[github.com/yaoyaochil/dnf_client_gateway]2024/04/24 - 17:40:32.936	[31merror[0m	/Users/tim/Documents/Dev/Golang/dnf/gateway/utils/bcrypt.go:46	Failed to encrypt UID: %v	{"error": "crypto/rsa: decryption error"}
[github.com/yaoyaochil/dnf_client_gateway]2024/04/24 - 17:47:11.872	[31merror[0m	/Users/tim/Documents/Dev/Golang/dnf/gateway/core/server.go:39	accept tcp [::]:8800: use of closed network connection
[github.com/yaoyaochil/dnf_client_gateway]2024/04/24 - 17:47:32.056	[31merror[0m	/Users/tim/Documents/Dev/Golang/dnf/gateway/core/server.go:39	accept tcp [::]:8800: use of closed network connection
[github.com/yaoyaochil/dnf_client_gateway]2024/04/24 - 17:48:07.741	[31merror[0m	/Users/tim/Documents/Dev/Golang/dnf/gateway/core/server.go:39	accept tcp [::]:8800: use of closed network connection
[github.com/yaoyaochil/dnf_client_gateway]2024/04/24 - 17:48:29.790	[31merror[0m	/Users/tim/Documents/Dev/Golang/dnf/gateway/utils/bcrypt.go:49	Failed to encrypt UID: %v	{"error": "crypto/rsa: message too long for RSA key size"}
[github.com/yaoyaochil/dnf_client_gateway]2024/04/24 - 17:48:30.718	[31merror[0m	/Users/tim/Documents/Dev/Golang/dnf/gateway/utils/bcrypt.go:49	Failed to encrypt UID: %v	{"error": "crypto/rsa: message too long for RSA key size"}
[github.com/yaoyaochil/dnf_client_gateway]2024/04/24 - 17:49:21.811	[31merror[0m	/Users/tim/Documents/Dev/Golang/dnf/gateway/core/server.go:39	accept tcp [::]:8800: use of closed network connection
[github.com/yaoyaochil/dnf_client_gateway]2024/04/24 - 17:51:07.106	[31merror[0m	/Users/tim/Documents/Dev/Golang/dnf/gateway/core/server.go:39	accept tcp [::]:8800: use of closed network connection
