[github.com/yaoyaochil/dnf_client_gateway]2024/04/23 - 00:45:25.560	[31merror[0m	/Users/tim/Documents/Dev/Golang/dnf/gateway/source/init_db.go:13	PalDB is nil
[github.com/yaoyaochil/dnf_client_gateway]2024/04/23 - 00:45:25.582	[31merror[0m	/Users/tim/Documents/Dev/Golang/dnf/gateway/core/server.go:39	net.Listen error: listen tcp: lookup tcp/%!d(string=8800): unknown port
[github.com/yaoyaochil/dnf_client_gateway]2024/04/23 - 00:47:08.988	[31merror[0m	/Users/tim/Documents/Dev/Golang/dnf/gateway/source/init_db.go:13	PalDB is nil
[github.com/yaoyaochil/dnf_client_gateway]2024/04/23 - 00:47:09.009	[31merror[0m	/Users/tim/Documents/Dev/Golang/dnf/gateway/core/server.go:40	net.Listen error: listen tcp: lookup tcp/%!d(string=8800): unknown port
[github.com/yaoyaochil/dnf_client_gateway]2024/04/23 - 00:48:09.052	[31merror[0m	/Users/tim/Documents/Dev/Golang/dnf/gateway/source/init_db.go:13	PalDB is nil
[github.com/yaoyaochil/dnf_client_gateway]2024/04/23 - 00:48:09.075	[31merror[0m	/Users/tim/Documents/Dev/Golang/dnf/gateway/core/server.go:46	net.Listen error: listen tcp: lookup tcp/%!d(string=8800): unknown port
[github.com/yaoyaochil/dnf_client_gateway]2024/04/23 - 00:49:36.036	[31merror[0m	/Users/tim/Documents/Dev/Golang/dnf/gateway/source/init_db.go:13	PalDB is nil
[github.com/yaoyaochil/dnf_client_gateway]2024/04/23 - 00:49:36.064	[31merror[0m	/Users/tim/Documents/Dev/Golang/dnf/gateway/core/server.go:39	net.Listen error: listen tcp: lookup tcp/%!d(string=8800): unknown port
[github.com/yaoyaochil/dnf_client_gateway]2024/04/23 - 00:50:36.116	[31merror[0m	/Users/tim/Documents/Dev/Golang/dnf/gateway/source/init_db.go:13	PalDB is nil
[github.com/yaoyaochil/dnf_client_gateway]2024/04/23 - 00:51:47.327	[31merror[0m	/Users/tim/Documents/Dev/Golang/dnf/gateway/core/server.go:39	accept tcp [::]:8800: use of closed network connection
[github.com/yaoyaochil/dnf_client_gateway]2024/04/23 - 00:51:50.007	[31merror[0m	/Users/tim/Documents/Dev/Golang/dnf/gateway/source/init_db.go:13	PalDB is nil
[github.com/yaoyaochil/dnf_client_gateway]2024/04/23 - 00:53:18.162	[31merror[0m	/Users/tim/Documents/Dev/Golang/dnf/gateway/core/server.go:39	accept tcp [::]:8800: use of closed network connection
[github.com/yaoyaochil/dnf_client_gateway]2024/04/23 - 00:53:20.603	[31merror[0m	/Users/tim/Documents/Dev/Golang/dnf/gateway/source/init_db.go:13	PalDB is nil
[github.com/yaoyaochil/dnf_client_gateway]2024/04/23 - 00:57:39.638	[31merror[0m	/Users/tim/Documents/Dev/Golang/dnf/gateway/core/server.go:39	accept tcp [::]:8800: use of closed network connection
[github.com/yaoyaochil/dnf_client_gateway]2024/04/23 - 01:02:12.610	[31merror[0m	/Users/tim/Documents/Dev/Golang/dnf/gateway/core/server.go:39	accept tcp [::]:8800: use of closed network connection
[github.com/yaoyaochil/dnf_client_gateway]2024/04/23 - 01:02:32.228	[31merror[0m	/Users/tim/Documents/Dev/Golang/dnf/gateway/core/server.go:39	accept tcp [::]:8800: use of closed network connection
[github.com/yaoyaochil/dnf_client_gateway]2024/04/23 - 01:03:08.830	[31merror[0m	/Users/tim/Documents/Dev/Golang/dnf/gateway/core/server.go:39	accept tcp [::]:8800: use of closed network connection
[github.com/yaoyaochil/dnf_client_gateway]2024/04/23 - 01:03:37.450	[31merror[0m	/Users/tim/Documents/Dev/Golang/dnf/gateway/core/server.go:39	accept tcp [::]:8800: use of closed network connection
[github.com/yaoyaochil/dnf_client_gateway]2024/04/23 - 12:52:14.064	[31merror[0m	/Users/tim/Documents/Dev/Golang/dnf/gateway/core/server.go:39	accept tcp [::]:8800: use of closed network connection
[github.com/yaoyaochil/dnf_client_gateway]2024/04/23 - 13:13:02.476	[31merror[0m	/Users/tim/Documents/Dev/Golang/dnf/gateway/source/init_db.go:14	GormMysqlSystem DB is nil
[github.com/yaoyaochil/dnf_client_gateway]2024/04/23 - 13:17:27.360	[31merror[0m	/Users/tim/Documents/Dev/Golang/dnf/gateway/core/server.go:39	accept tcp [::]:8800: use of closed network connection
[github.com/yaoyaochil/dnf_client_gateway]2024/04/23 - 13:17:32.636	[31merror[0m	/Users/tim/Documents/Dev/Golang/dnf/gateway/source/init_db.go:14	GormMysqlSystem DB is nil
[github.com/yaoyaochil/dnf_client_gateway]2024/04/23 - 13:20:15.251	[31merror[0m	/Users/tim/Documents/Dev/Golang/dnf/gateway/core/server.go:39	accept tcp [::]:8800: use of closed network connection
[github.com/yaoyaochil/dnf_client_gateway]2024/04/23 - 13:20:40.219	[31merror[0m	/Users/tim/Documents/Dev/Golang/dnf/gateway/source/init_db.go:14	GormMysqlSystem DB is nil
[github.com/yaoyaochil/dnf_client_gateway]2024/04/23 - 13:20:44.519	[31merror[0m	/Users/tim/Documents/Dev/Golang/dnf/gateway/core/server.go:39	accept tcp [::]:8800: use of closed network connection
[github.com/yaoyaochil/dnf_client_gateway]2024/04/23 - 13:20:47.114	[31merror[0m	/Users/tim/Documents/Dev/Golang/dnf/gateway/source/init_db.go:14	GormMysqlSystem DB is nil
[github.com/yaoyaochil/dnf_client_gateway]2024/04/23 - 13:49:19.230	[31merror[0m	/Users/tim/Documents/Dev/Golang/dnf/gateway/core/server.go:39	accept tcp [::]:8800: use of closed network connection
[github.com/yaoyaochil/dnf_client_gateway]2024/04/23 - 15:34:19.141	[31merror[0m	/Users/tim/Documents/Dev/Golang/dnf/gateway/source/init_db.go:14	GormMysqlSystem DB is nil
[github.com/yaoyaochil/dnf_client_gateway]2024/04/23 - 15:38:04.712	[31merror[0m	/Users/tim/Documents/Dev/Golang/dnf/gateway/core/server.go:39	accept tcp [::]:8800: use of closed network connection
[github.com/yaoyaochil/dnf_client_gateway]2024/04/23 - 15:38:09.153	[31merror[0m	/Users/tim/Documents/Dev/Golang/dnf/gateway/source/init_db.go:14	GormMysqlSystem DB is nil
[github.com/yaoyaochil/dnf_client_gateway]2024/04/23 - 15:38:32.011	[31merror[0m	/Users/tim/Documents/Dev/Golang/dnf/gateway/core/server.go:39	accept tcp [::]:8800: use of closed network connection
[github.com/yaoyaochil/dnf_client_gateway]2024/04/23 - 15:38:43.310	[31merror[0m	/Users/tim/Documents/Dev/Golang/dnf/gateway/source/init_db.go:14	GormMysqlSystem DB is nil
[github.com/yaoyaochil/dnf_client_gateway]2024/04/23 - 15:41:17.216	[31merror[0m	/Users/tim/Documents/Dev/Golang/dnf/gateway/core/server.go:39	accept tcp [::]:8800: use of closed network connection
[github.com/yaoyaochil/dnf_client_gateway]2024/04/23 - 15:41:25.620	[31merror[0m	/Users/tim/Documents/Dev/Golang/dnf/gateway/source/init_db.go:14	GormMysqlSystem DB is nil
[github.com/yaoyaochil/dnf_client_gateway]2024/04/23 - 15:41:40.132	[31merror[0m	/Users/tim/Documents/Dev/Golang/dnf/gateway/core/server.go:39	accept tcp [::]:8800: use of closed network connection
[github.com/yaoyaochil/dnf_client_gateway]2024/04/23 - 15:42:29.667	[31merror[0m	/Users/tim/Documents/Dev/Golang/dnf/gateway/core/server.go:39	accept tcp [::]:8800: use of closed network connection
[github.com/yaoyaochil/dnf_client_gateway]2024/04/23 - 15:43:11.872	[31merror[0m	/Users/tim/Documents/Dev/Golang/dnf/gateway/core/server.go:39	accept tcp [::]:8800: use of closed network connection
[github.com/yaoyaochil/dnf_client_gateway]2024/04/23 - 15:46:51.070	[31merror[0m	/Users/tim/Documents/Dev/Golang/dnf/gateway/core/server.go:39	accept tcp [::]:8800: use of closed network connection
[github.com/yaoyaochil/dnf_client_gateway]2024/04/23 - 15:55:19.700	[31merror[0m	/Users/tim/Documents/Dev/Golang/dnf/gateway/core/server.go:39	accept tcp [::]:8800: use of closed network connection
[github.com/yaoyaochil/dnf_client_gateway]2024/04/23 - 15:57:02.917	[31merror[0m	/Users/tim/Documents/Dev/Golang/dnf/gateway/core/server.go:39	accept tcp [::]:8800: use of closed network connection
[github.com/yaoyaochil/dnf_client_gateway]2024/04/23 - 16:01:15.474	[31merror[0m	/Users/tim/Documents/Dev/Golang/dnf/gateway/core/server.go:39	accept tcp [::]:8800: use of closed network connection
[github.com/yaoyaochil/dnf_client_gateway]2024/04/23 - 18:59:24.157	[31merror[0m	/Users/tim/Documents/Dev/Golang/dnf/gateway/core/server.go:39	accept tcp [::]:8800: use of closed network connection
[github.com/yaoyaochil/dnf_client_gateway]2024/04/23 - 19:03:34.126	[31merror[0m	/Users/tim/Documents/Dev/Golang/dnf/gateway/core/server.go:39	accept tcp [::]:8800: use of closed network connection
[github.com/yaoyaochil/dnf_client_gateway]2024/04/23 - 19:03:47.439	[31merror[0m	/Users/tim/Documents/Dev/Golang/dnf/gateway/core/server.go:39	accept tcp [::]:8800: use of closed network connection
[github.com/yaoyaochil/dnf_client_gateway]2024/04/23 - 19:03:59.120	[31merror[0m	/Users/tim/Documents/Dev/Golang/dnf/gateway/core/server.go:39	accept tcp [::]:8800: use of closed network connection
[github.com/yaoyaochil/dnf_client_gateway]2024/04/23 - 19:41:02.360	[31merror[0m	/Users/tim/Documents/Dev/Golang/dnf/gateway/core/server.go:39	accept tcp [::]:8800: use of closed network connection
[github.com/yaoyaochil/dnf_client_gateway]2024/04/23 - 19:41:34.340	[31merror[0m	/Users/tim/Documents/Dev/Golang/dnf/gateway/core/server.go:39	accept tcp [::]:8800: use of closed network connection
[github.com/yaoyaochil/dnf_client_gateway]2024/04/23 - 19:41:41.643	[31merror[0m	/Users/tim/Documents/Dev/Golang/dnf/gateway/utils/bcrypt.go:40	Failed to load private key: %v	{"error": "asn1: structure error: tags don't match (2 vs {class:0 tag:16 length:13 isCompound:true}) {optional:false explicit:false application:false private:false defaultValue:<nil> tag:<nil> stringType:0 timeType:0 set:false omitEmpty:false} int @2"}
[github.com/yaoyaochil/dnf_client_gateway]2024/04/23 - 19:55:39.493	[31merror[0m	/Users/tim/Documents/Dev/Golang/dnf/gateway/core/server.go:39	accept tcp [::]:8800: use of closed network connection
[github.com/yaoyaochil/dnf_client_gateway]2024/04/23 - 19:56:53.143	[31merror[0m	/Users/tim/Documents/Dev/Golang/dnf/gateway/core/server.go:39	accept tcp [::]:8800: use of closed network connection
[github.com/yaoyaochil/dnf_client_gateway]2024/04/23 - 19:58:11.843	[31merror[0m	/Users/tim/Documents/Dev/Golang/dnf/gateway/core/server.go:39	accept tcp [::]:8800: use of closed network connection
[github.com/yaoyaochil/dnf_client_gateway]2024/04/23 - 20:04:49.183	[31merror[0m	/Users/tim/Documents/Dev/Golang/dnf/gateway/core/server.go:39	accept tcp [::]:8800: use of closed network connection
[github.com/yaoyaochil/dnf_client_gateway]2024/04/23 - 20:05:30.469	[31merror[0m	/Users/tim/Documents/Dev/Golang/dnf/gateway/core/server.go:39	accept tcp [::]:8800: use of closed network connection
[github.com/yaoyaochil/dnf_client_gateway]2024/04/23 - 20:29:38.683	[31merror[0m	/Users/tim/Documents/Dev/Golang/dnf/gateway/core/server.go:39	accept tcp [::]:8800: use of closed network connection
[github.com/yaoyaochil/dnf_client_gateway]2024/04/23 - 21:43:41.042	[31merror[0m	/Users/tim/Documents/Dev/Golang/dnf/gateway/core/server.go:39	accept tcp [::]:8800: use of closed network connection
[github.com/yaoyaochil/dnf_client_gateway]2024/04/23 - 21:46:20.144	[31merror[0m	/Users/tim/Documents/Dev/Golang/dnf/gateway/core/server.go:39	accept tcp [::]:8800: use of closed network connection
[github.com/yaoyaochil/dnf_client_gateway]2024/04/23 - 21:51:49.892	[31merror[0m	/Users/tim/Documents/Dev/Golang/dnf/gateway/core/server.go:39	accept tcp [::]:8800: use of closed network connection
[github.com/yaoyaochil/dnf_client_gateway]2024/04/23 - 21:52:15.007	[31merror[0m	/Users/tim/Documents/Dev/Golang/dnf/gateway/core/server.go:39	accept tcp [::]:8800: use of closed network connection
[github.com/yaoyaochil/dnf_client_gateway]2024/04/23 - 23:11:21.640	[31merror[0m	/Users/tim/Documents/Dev/Golang/dnf/gateway/utils/bcrypt.go:38	Failed to load private key: %v	{"error": "x509: failed to parse private key (use ParsePKCS8PrivateKey instead for this key format)"}
[github.com/yaoyaochil/dnf_client_gateway]2024/04/23 - 23:12:07.536	[31merror[0m	/Users/tim/Documents/Dev/Golang/dnf/gateway/core/server.go:39	accept tcp [::]:8800: use of closed network connection
[github.com/yaoyaochil/dnf_client_gateway]2024/04/23 - 23:12:14.102	[31merror[0m	/Users/tim/Documents/Dev/Golang/dnf/gateway/utils/bcrypt.go:38	Failed to load private key: %v	{"error": "x509: failed to parse private key (use ParsePKCS8PrivateKey instead for this key format)"}
[github.com/yaoyaochil/dnf_client_gateway]2024/04/23 - 23:13:50.423	[31merror[0m	/Users/tim/Documents/Dev/Golang/dnf/gateway/core/server.go:39	accept tcp [::]:8800: use of closed network connection
[github.com/yaoyaochil/dnf_client_gateway]2024/04/23 - 23:13:59.040	[31merror[0m	/Users/tim/Documents/Dev/Golang/dnf/gateway/utils/bcrypt.go:38	Failed to load private key: %v	{"error": "open /Users/tim/Documents/Dev/Golang/dnf/gatewayprivate.pem: no such file or directory"}
[github.com/yaoyaochil/dnf_client_gateway]2024/04/23 - 23:17:03.256	[31merror[0m	/Users/tim/Documents/Dev/Golang/dnf/gateway/utils/bcrypt.go:38	Failed to load private key: %v	{"error": "open /Users/tim/Documents/Dev/Golang/dnf/gatewayprivate.pem: no such file or directory"}
[github.com/yaoyaochil/dnf_client_gateway]2024/04/23 - 23:17:04.219	[31merror[0m	/Users/tim/Documents/Dev/Golang/dnf/gateway/utils/bcrypt.go:38	Failed to load private key: %v	{"error": "open /Users/tim/Documents/Dev/Golang/dnf/gatewayprivate.pem: no such file or directory"}
[github.com/yaoyaochil/dnf_client_gateway]2024/04/23 - 23:17:05.349	[31merror[0m	/Users/tim/Documents/Dev/Golang/dnf/gateway/core/server.go:39	accept tcp [::]:8800: use of closed network connection
[github.com/yaoyaochil/dnf_client_gateway]2024/04/23 - 23:30:38.872	[31merror[0m	/Users/tim/Documents/Dev/Golang/dnf/gateway/core/server.go:39	accept tcp [::]:8800: use of closed network connection
[github.com/yaoyaochil/dnf_client_gateway]2024/04/23 - 23:46:29.042	[31merror[0m	/Users/tim/Documents/Dev/Golang/dnf/gateway/core/server.go:39	accept tcp [::]:8800: use of closed network connection
[github.com/yaoyaochil/dnf_client_gateway]2024/04/23 - 23:57:55.350	[31merror[0m	/Users/tim/Documents/Dev/Golang/dnf/gateway/core/server.go:39	accept tcp [::]:8800: use of closed network connection
